
<!DOCTYPE html>
<html lang="en">

<head>
  <meta charset="UTF-8">
  <meta name='viewport' content='width=device-width, initial-scale=1.0'>
  <title>chaintest</title>
    <link href="https://cdn.jsdelivr.net/gh/anshooarora/chaintest@976b9706b4d752a6262a041a68a6ea08012e0fcf/cdn/simple/version/chaintest-pkg.css" rel="stylesheet">
  <link href="https://fonts.googleapis.com/css2?family=Roboto:ital,wght@0,100..900;1,100..900&display=swap" rel="stylesheet">
  <style></style>
</head>

<body data-bs-theme="dark">
  <nav class="navbar border-bottom">
    <div class="container d-flex justify-content-between">
      <div>
        <a class="navbar-brand" href="#">ChainTest</a>
        <span class="ms-3 fs-6">default</span>
      </div>
      <div>
        <span class="badge badge-outline text-lg"><i class="bi bi-hourglass me-1"></i> 5s</span>
        <span class="badge badge-outline text-lg"><i class="bi bi-clock me-1 text-success"></i> 2025-09-20 06:22:21 PM</span>
        <span class="badge badge-outline text-lg me-3"><i class="bi bi-clock me-1 text-danger"></i> 2025-09-20 06:22:26 PM</span>
          <button role="button" id="sys-info" class="btn btn-outline-primary smaller" title="View System Info">
            <i class="bi bi-pc-display-horizontal"></i></button>
        <button role="button" id="shortcuts" class="btn btn-outline-primary smaller" title="Shortcuts">
          <i class="bi bi-info-circle"></i></button>
      </div>
    </div>
  </nav>

  <div id="summary" class="container-fluid bg-body-tertiary">
    <!-- dashboard section -->
    <div id="dashboard" class="py-5">
      <div class="container">
        <div class="row">
          <div class="col-4">
            <div class="card card-custom" style="height: 175px">
              <div class="card-header">
                Suites
              </div>
              <div class="card-body d-flex justify-content-center" style="height: 90px;">
                <div class="chart-view center" style="margin-left: -1rem;">
                  <canvas id="stats1"></canvas>
                </div>
              </div>
              <div class="card-footer small">
                <span id="sp1">0</span> Passed,
                <span id="sf1">2</span> Failed,
                <span id="ss1">0</span> Skipped
              </div>
            </div>
          </div>
          <div class="col-4">
            <div class="card card-custom" style="height: 175px">
              <div class="card-header">
                Classes
              </div>
              <div class="card-body d-flex justify-content-center" style="height: 90px;">
                <div class="chart-view center" style="margin-left: -1rem;">
                  <canvas id="stats2"></canvas>
                </div>
              </div>
              <div class="card-footer small">
                <span id="sp2">0</span> Passed,
                <span id="sf2">3</span> Failed,
                <span id="ss2">0</span> Skipped
              </div>
            </div>
          </div>
            <div class="col-4">
              <div class="card card-custom" style="height: 175px">
                <div class="card-header">
                  Methods
                </div>
                <div class="card-body d-flex justify-content-center" style="height: 90px;">
                  <div class="chart-view center" style="margin-left: -1rem;">
                    <canvas id="stats3"></canvas>
                  </div>
                </div>
                <div class="card-footer small">
                  <span id="sp3">0</span> Passed,
                  <span id="sf3">0</span> Failed,
                  <span id="ss3">4</span> Skipped
                </div>
              </div>
            </div>
        </div>
      </div>
    </div>
    <!-- /dashboard section -->

    <!-- tag section -->
    <!-- /tag section -->
  </div>

  <div class="container-fluid">
    <div class="py-3 mb-5">
      <div class="container d-flex justify-content-between">
        <div class="input-group">
          <input type="text" id="q" class="form-control border" placeholder="Search..." aria-label="Search...">
          <button class="btn border btn-sm text-success status-filter" id="passed" type="button">Passed</button>
          <button class="btn border btn-sm text-warning status-filter" id="skipped" type="button">Skipped</button>
          <button class="btn border btn-sm text-danger status-filter" id="failed" type="button">Failed</button>
          <button id="clear-filters" class="btn border btn-sm"><i class="bi bi-x-lg me-1"></i>Clear all filters</button>
          <button type="button" id="summary-toggle" class="btn border btn-sm"><i class="bi bi-toggle-on me-1"></i> Toggle Summary Section</button>
        </div>
      </div>
    </div>
      <div class="test-container failed">
        <div class="container">
          <div class="row">
            <div class="col-4">
              <h6 class="mb-3 testname fs-6 failed">Running positive scenarios for login feature</h6>
              <div class="small">
                <span class="badge badge-outline"><i class="bi bi-hourglass me-1"></i> 4s</span>
                <span class="badge text-bg-info"><i class="bi bi-clock me-1"></i>
                  2025-09-20 06:22:21 PM</span>
                <span class="badge text-bg-warning"><i class="bi bi-clock me-1"></i>
                  2025-09-20 06:22:26 PM</span>
              </div>
              
            </div>
            <div class="col-8">
                <div class="card mb-3 result failed">
                  <div class="card-body">
                    <div class="d-flex justify-content-between">
                      <div>
                          <i class="bi bi-exclamation-octagon-fill text-danger"></i>
                        <span class="fs-6 ms-2">testcases.TC01_CheckLogin</span>
                      </div>
                      <div>
                        <span class="badge text-dark bg-light">20ms</span>
                      </div>
                    </div>
                    
  <div class="mt-3 border-top">
    <div class="leaf skipped pb-1 ">
      <div class="d-flex justify-content-between mt-3">
        <div>
            <i class="bi bi-exclamation-octagon-fill text-info"></i>
          <span class="fs-6 ms-2">validateWithLoginData_P </span>
        </div>
        <div>
          <span class="badge text-dark bg-light">4ms</span>
        </div>
      </div>
      <p class="desc">Login With Valid Data</p>
        <pre class="py-2 mt-2 mb-4">org.openqa.selenium.SessionNotCreatedException: Could not start a new session. Response code 500. Message: session not created: probably user data directory is already in use, please specify a unique value for --user-data-dir argument, or don't use --user-data-dir 
Host info: host: 'runnervmf4ws1', ip: '10.1.0.206'
Build info: version: '4.24.0', revision: '748ffc9bc3'
System info: os.name: 'Linux', os.arch: 'amd64', os.version: '6.11.0-1018-azure', java.version: '17.0.16'
Driver info: org.openqa.selenium.chrome.ChromeDriver
Command: [null, newSession {capabilities=[Capabilities {browserName: chrome, goog:chromeOptions: {args: [--disable-blink-features=Au..., user-agent=Mozilla/5.0 (Win..., start-maximized, --incognito, --disable-web-security, --no-proxy-server, --remote-allow-origins=*, --disable-notifications], binary: /usr/bin/google-chrome, excludeSwitches: [enable-automation], extensions: [], prefs: {credentials_enable_service: false, profile.default_content_setting_values.notifications: 2, profile.password_manager_enabled: false}, useAutomationExtension: false}}]}]
	at org.openqa.selenium.remote.ProtocolHandshake.createSession(ProtocolHandshake.java:114)
	at org.openqa.selenium.remote.ProtocolHandshake.createSession(ProtocolHandshake.java:75)
	at org.openqa.selenium.remote.ProtocolHandshake.createSession(ProtocolHandshake.java:61)
	at org.openqa.selenium.remote.HttpCommandExecutor.execute(HttpCommandExecutor.java:162)
	at org.openqa.selenium.remote.service.DriverCommandExecutor.invokeExecute(DriverCommandExecutor.java:216)
	at org.openqa.selenium.remote.service.DriverCommandExecutor.execute(DriverCommandExecutor.java:174)
	at org.openqa.selenium.remote.RemoteWebDriver.execute(RemoteWebDriver.java:545)
	at org.openqa.selenium.remote.RemoteWebDriver.startSession(RemoteWebDriver.java:245)
	at org.openqa.selenium.remote.RemoteWebDriver.<init>(RemoteWebDriver.java:174)
	at org.openqa.selenium.chromium.ChromiumDriver.<init>(ChromiumDriver.java:114)
	at org.openqa.selenium.chrome.ChromeDriver.<init>(ChromeDriver.java:88)
	at org.openqa.selenium.chrome.ChromeDriver.<init>(ChromeDriver.java:83)
	at org.openqa.selenium.chrome.ChromeDriver.<init>(ChromeDriver.java:72)
	at drivers.DriverFactory.getNewInstance(DriverFactory.java:108)
	at testcases.TestBase.OpenBrower(TestBase.java:88)
	at java.base/jdk.internal.reflect.NativeMethodAccessorImpl.invoke0(Native Method)
	at java.base/jdk.internal.reflect.NativeMethodAccessorImpl.invoke(NativeMethodAccessorImpl.java:77)
	at java.base/jdk.internal.reflect.DelegatingMethodAccessorImpl.invoke(DelegatingMethodAccessorImpl.java:43)
	at java.base/java.lang.reflect.Method.invoke(Method.java:569)
	at org.testng.internal.invokers.MethodInvocationHelper.invokeMethod(MethodInvocationHelper.java:139)
	at org.testng.internal.invokers.MethodInvocationHelper.invokeMethodConsideringTimeout(MethodInvocationHelper.java:69)
	at org.testng.internal.invokers.ConfigInvoker.invokeConfigurationMethod(ConfigInvoker.java:390)
	at org.testng.internal.invokers.ConfigInvoker.invokeConfigurations(ConfigInvoker.java:325)
	at org.testng.TestRunner.invokeTestConfigurations(TestRunner.java:663)
	at org.testng.TestRunner.beforeRun(TestRunner.java:652)
	at org.testng.TestRunner.run(TestRunner.java:614)
	at org.testng.SuiteRunner.runTest(SuiteRunner.java:443)
	at org.testng.SuiteRunner.runSequentially(SuiteRunner.java:437)
	at org.testng.SuiteRunner.privateRun(SuiteRunner.java:397)
	at org.testng.SuiteRunner.run(SuiteRunner.java:336)
	at org.testng.SuiteRunnerWorker.runSuite(SuiteRunnerWorker.java:52)
	at org.testng.SuiteRunnerWorker.run(SuiteRunnerWorker.java:95)
	at org.testng.TestNG.runSuitesSequentially(TestNG.java:1280)
	at org.testng.TestNG.runSuitesSequentially(TestNG.java:1275)
	at org.testng.TestNG.runSuitesLocally(TestNG.java:1200)
	at org.testng.TestNG.runSuites(TestNG.java:1114)
	at org.testng.TestNG.run(TestNG.java:1082)
	at org.apache.maven.surefire.testng.TestNGExecutor.run(TestNGExecutor.java:284)
	at org.apache.maven.surefire.testng.TestNGXmlTestSuite.execute(TestNGXmlTestSuite.java:75)
	at org.apache.maven.surefire.testng.TestNGProvider.invoke(TestNGProvider.java:119)
	at org.apache.maven.surefire.booter.ForkedBooter.runSuitesInProcess(ForkedBooter.java:428)
	at org.apache.maven.surefire.booter.ForkedBooter.execute(ForkedBooter.java:162)
	at org.apache.maven.surefire.booter.ForkedBooter.run(ForkedBooter.java:562)
	at org.apache.maven.surefire.booter.ForkedBooter.main(ForkedBooter.java:548)
</pre>
    </div>
  </div>

                  </div>
                </div>
            </div>
          </div>
        </div>
            <div class="border-bottom my-5"></div>
      </div>
      <div class="test-container failed">
        <div class="container">
          <div class="row">
            <div class="col-4">
              <h6 class="mb-3 testname fs-6 failed">Running positive scenarios on main list of home page</h6>
              <div class="small">
                <span class="badge badge-outline"><i class="bi bi-hourglass me-1"></i> 437ms</span>
                <span class="badge text-bg-info"><i class="bi bi-clock me-1"></i>
                  2025-09-20 06:22:26 PM</span>
                <span class="badge text-bg-warning"><i class="bi bi-clock me-1"></i>
                  2025-09-20 06:22:26 PM</span>
              </div>
              
            </div>
            <div class="col-8">
                <div class="card mb-3 result failed">
                  <div class="card-body">
                    <div class="d-flex justify-content-between">
                      <div>
                          <i class="bi bi-exclamation-octagon-fill text-danger"></i>
                        <span class="fs-6 ms-2">testcases.TC02_HomePage</span>
                      </div>
                      <div>
                        <span class="badge text-dark bg-light">8ms</span>
                      </div>
                    </div>
                    
  <div class="mt-3 border-top">
    <div class="leaf skipped pb-1 ">
      <div class="d-flex justify-content-between mt-3">
        <div>
            <i class="bi bi-exclamation-octagon-fill text-info"></i>
          <span class="fs-6 ms-2">validateOnAllTaps_P </span>
        </div>
        <div>
          <span class="badge text-dark bg-light">5ms</span>
        </div>
      </div>
      <p class="desc">loop in all Taps</p>
        <pre class="py-2 mt-2 mb-4">org.openqa.selenium.SessionNotCreatedException: Could not start a new session. Response code 500. Message: session not created: probably user data directory is already in use, please specify a unique value for --user-data-dir argument, or don't use --user-data-dir 
Host info: host: 'runnervmf4ws1', ip: '10.1.0.206'
Build info: version: '4.24.0', revision: '748ffc9bc3'
System info: os.name: 'Linux', os.arch: 'amd64', os.version: '6.11.0-1018-azure', java.version: '17.0.16'
Driver info: org.openqa.selenium.chrome.ChromeDriver
Command: [null, newSession {capabilities=[Capabilities {browserName: chrome, goog:chromeOptions: {args: [--disable-blink-features=Au..., user-agent=Mozilla/5.0 (Win..., start-maximized, --incognito, --disable-web-security, --no-proxy-server, --remote-allow-origins=*, --disable-notifications], binary: /usr/bin/google-chrome, excludeSwitches: [enable-automation], extensions: [], prefs: {credentials_enable_service: false, profile.default_content_setting_values.notifications: 2, profile.password_manager_enabled: false}, useAutomationExtension: false}}]}]
	at org.openqa.selenium.remote.ProtocolHandshake.createSession(ProtocolHandshake.java:114)
	at org.openqa.selenium.remote.ProtocolHandshake.createSession(ProtocolHandshake.java:75)
	at org.openqa.selenium.remote.ProtocolHandshake.createSession(ProtocolHandshake.java:61)
	at org.openqa.selenium.remote.HttpCommandExecutor.execute(HttpCommandExecutor.java:162)
	at org.openqa.selenium.remote.service.DriverCommandExecutor.invokeExecute(DriverCommandExecutor.java:216)
	at org.openqa.selenium.remote.service.DriverCommandExecutor.execute(DriverCommandExecutor.java:174)
	at org.openqa.selenium.remote.RemoteWebDriver.execute(RemoteWebDriver.java:545)
	at org.openqa.selenium.remote.RemoteWebDriver.startSession(RemoteWebDriver.java:245)
	at org.openqa.selenium.remote.RemoteWebDriver.<init>(RemoteWebDriver.java:174)
	at org.openqa.selenium.chromium.ChromiumDriver.<init>(ChromiumDriver.java:114)
	at org.openqa.selenium.chrome.ChromeDriver.<init>(ChromeDriver.java:88)
	at org.openqa.selenium.chrome.ChromeDriver.<init>(ChromeDriver.java:83)
	at org.openqa.selenium.chrome.ChromeDriver.<init>(ChromeDriver.java:72)
	at drivers.DriverFactory.getNewInstance(DriverFactory.java:108)
	at testcases.TestBase.OpenBrower(TestBase.java:88)
	at java.base/jdk.internal.reflect.NativeMethodAccessorImpl.invoke0(Native Method)
	at java.base/jdk.internal.reflect.NativeMethodAccessorImpl.invoke(NativeMethodAccessorImpl.java:77)
	at java.base/jdk.internal.reflect.DelegatingMethodAccessorImpl.invoke(DelegatingMethodAccessorImpl.java:43)
	at java.base/java.lang.reflect.Method.invoke(Method.java:569)
	at org.testng.internal.invokers.MethodInvocationHelper.invokeMethod(MethodInvocationHelper.java:139)
	at org.testng.internal.invokers.MethodInvocationHelper.invokeMethodConsideringTimeout(MethodInvocationHelper.java:69)
	at org.testng.internal.invokers.ConfigInvoker.invokeConfigurationMethod(ConfigInvoker.java:390)
	at org.testng.internal.invokers.ConfigInvoker.invokeConfigurations(ConfigInvoker.java:325)
	at org.testng.TestRunner.invokeTestConfigurations(TestRunner.java:663)
	at org.testng.TestRunner.beforeRun(TestRunner.java:652)
	at org.testng.TestRunner.run(TestRunner.java:614)
	at org.testng.SuiteRunner.runTest(SuiteRunner.java:443)
	at org.testng.SuiteRunner.runSequentially(SuiteRunner.java:437)
	at org.testng.SuiteRunner.privateRun(SuiteRunner.java:397)
	at org.testng.SuiteRunner.run(SuiteRunner.java:336)
	at org.testng.SuiteRunnerWorker.runSuite(SuiteRunnerWorker.java:52)
	at org.testng.SuiteRunnerWorker.run(SuiteRunnerWorker.java:95)
	at org.testng.TestNG.runSuitesSequentially(TestNG.java:1280)
	at org.testng.TestNG.runSuitesSequentially(TestNG.java:1275)
	at org.testng.TestNG.runSuitesLocally(TestNG.java:1200)
	at org.testng.TestNG.runSuites(TestNG.java:1114)
	at org.testng.TestNG.run(TestNG.java:1082)
	at org.apache.maven.surefire.testng.TestNGExecutor.run(TestNGExecutor.java:284)
	at org.apache.maven.surefire.testng.TestNGXmlTestSuite.execute(TestNGXmlTestSuite.java:75)
	at org.apache.maven.surefire.testng.TestNGProvider.invoke(TestNGProvider.java:119)
	at org.apache.maven.surefire.booter.ForkedBooter.runSuitesInProcess(ForkedBooter.java:428)
	at org.apache.maven.surefire.booter.ForkedBooter.execute(ForkedBooter.java:162)
	at org.apache.maven.surefire.booter.ForkedBooter.run(ForkedBooter.java:562)
	at org.apache.maven.surefire.booter.ForkedBooter.main(ForkedBooter.java:548)
</pre>
    </div>
  </div>

                  </div>
                </div>
                <div class="card mb-3 result failed">
                  <div class="card-body">
                    <div class="d-flex justify-content-between">
                      <div>
                          <i class="bi bi-exclamation-octagon-fill text-danger"></i>
                        <span class="fs-6 ms-2">testcases.TC02_HomePage</span>
                      </div>
                      <div>
                        <span class="badge text-dark bg-light">10ms</span>
                      </div>
                    </div>
                    
  <div class="mt-3 border-top">
    <div class="leaf skipped pb-1 ">
      <div class="d-flex justify-content-between mt-3">
        <div>
            <i class="bi bi-exclamation-octagon-fill text-info"></i>
          <span class="fs-6 ms-2">validateCreateNewPIM_P </span>
        </div>
        <div>
          <span class="badge text-dark bg-light">2ms</span>
        </div>
      </div>
      <p class="desc">Create a New PIM empolyee</p>
        <pre class="py-2 mt-2 mb-4">org.openqa.selenium.SessionNotCreatedException: Could not start a new session. Response code 500. Message: session not created: probably user data directory is already in use, please specify a unique value for --user-data-dir argument, or don't use --user-data-dir 
Host info: host: 'runnervmf4ws1', ip: '10.1.0.206'
Build info: version: '4.24.0', revision: '748ffc9bc3'
System info: os.name: 'Linux', os.arch: 'amd64', os.version: '6.11.0-1018-azure', java.version: '17.0.16'
Driver info: org.openqa.selenium.chrome.ChromeDriver
Command: [null, newSession {capabilities=[Capabilities {browserName: chrome, goog:chromeOptions: {args: [--disable-blink-features=Au..., user-agent=Mozilla/5.0 (Win..., start-maximized, --incognito, --disable-web-security, --no-proxy-server, --remote-allow-origins=*, --disable-notifications], binary: /usr/bin/google-chrome, excludeSwitches: [enable-automation], extensions: [], prefs: {credentials_enable_service: false, profile.default_content_setting_values.notifications: 2, profile.password_manager_enabled: false}, useAutomationExtension: false}}]}]
	at org.openqa.selenium.remote.ProtocolHandshake.createSession(ProtocolHandshake.java:114)
	at org.openqa.selenium.remote.ProtocolHandshake.createSession(ProtocolHandshake.java:75)
	at org.openqa.selenium.remote.ProtocolHandshake.createSession(ProtocolHandshake.java:61)
	at org.openqa.selenium.remote.HttpCommandExecutor.execute(HttpCommandExecutor.java:162)
	at org.openqa.selenium.remote.service.DriverCommandExecutor.invokeExecute(DriverCommandExecutor.java:216)
	at org.openqa.selenium.remote.service.DriverCommandExecutor.execute(DriverCommandExecutor.java:174)
	at org.openqa.selenium.remote.RemoteWebDriver.execute(RemoteWebDriver.java:545)
	at org.openqa.selenium.remote.RemoteWebDriver.startSession(RemoteWebDriver.java:245)
	at org.openqa.selenium.remote.RemoteWebDriver.<init>(RemoteWebDriver.java:174)
	at org.openqa.selenium.chromium.ChromiumDriver.<init>(ChromiumDriver.java:114)
	at org.openqa.selenium.chrome.ChromeDriver.<init>(ChromeDriver.java:88)
	at org.openqa.selenium.chrome.ChromeDriver.<init>(ChromeDriver.java:83)
	at org.openqa.selenium.chrome.ChromeDriver.<init>(ChromeDriver.java:72)
	at drivers.DriverFactory.getNewInstance(DriverFactory.java:108)
	at testcases.TestBase.OpenBrower(TestBase.java:88)
	at java.base/jdk.internal.reflect.NativeMethodAccessorImpl.invoke0(Native Method)
	at java.base/jdk.internal.reflect.NativeMethodAccessorImpl.invoke(NativeMethodAccessorImpl.java:77)
	at java.base/jdk.internal.reflect.DelegatingMethodAccessorImpl.invoke(DelegatingMethodAccessorImpl.java:43)
	at java.base/java.lang.reflect.Method.invoke(Method.java:569)
	at org.testng.internal.invokers.MethodInvocationHelper.invokeMethod(MethodInvocationHelper.java:139)
	at org.testng.internal.invokers.MethodInvocationHelper.invokeMethodConsideringTimeout(MethodInvocationHelper.java:69)
	at org.testng.internal.invokers.ConfigInvoker.invokeConfigurationMethod(ConfigInvoker.java:390)
	at org.testng.internal.invokers.ConfigInvoker.invokeConfigurations(ConfigInvoker.java:325)
	at org.testng.TestRunner.invokeTestConfigurations(TestRunner.java:663)
	at org.testng.TestRunner.beforeRun(TestRunner.java:652)
	at org.testng.TestRunner.run(TestRunner.java:614)
	at org.testng.SuiteRunner.runTest(SuiteRunner.java:443)
	at org.testng.SuiteRunner.runSequentially(SuiteRunner.java:437)
	at org.testng.SuiteRunner.privateRun(SuiteRunner.java:397)
	at org.testng.SuiteRunner.run(SuiteRunner.java:336)
	at org.testng.SuiteRunnerWorker.runSuite(SuiteRunnerWorker.java:52)
	at org.testng.SuiteRunnerWorker.run(SuiteRunnerWorker.java:95)
	at org.testng.TestNG.runSuitesSequentially(TestNG.java:1280)
	at org.testng.TestNG.runSuitesSequentially(TestNG.java:1275)
	at org.testng.TestNG.runSuitesLocally(TestNG.java:1200)
	at org.testng.TestNG.runSuites(TestNG.java:1114)
	at org.testng.TestNG.run(TestNG.java:1082)
	at org.apache.maven.surefire.testng.TestNGExecutor.run(TestNGExecutor.java:284)
	at org.apache.maven.surefire.testng.TestNGXmlTestSuite.execute(TestNGXmlTestSuite.java:75)
	at org.apache.maven.surefire.testng.TestNGProvider.invoke(TestNGProvider.java:119)
	at org.apache.maven.surefire.booter.ForkedBooter.runSuitesInProcess(ForkedBooter.java:428)
	at org.apache.maven.surefire.booter.ForkedBooter.execute(ForkedBooter.java:162)
	at org.apache.maven.surefire.booter.ForkedBooter.run(ForkedBooter.java:562)
	at org.apache.maven.surefire.booter.ForkedBooter.main(ForkedBooter.java:548)
</pre>
    </div>
    <div class="leaf skipped pb-1 ">
      <div class="d-flex justify-content-between mt-3">
        <div>
            <i class="bi bi-exclamation-octagon-fill text-info"></i>
          <span class="fs-6 ms-2">validateCreateAdmin_P </span>
        </div>
        <div>
          <span class="badge text-dark bg-light">2ms</span>
        </div>
      </div>
      <p class="desc">Make a New PIM as admin</p>
        <pre class="py-2 mt-2 mb-4">org.openqa.selenium.SessionNotCreatedException: Could not start a new session. Response code 500. Message: session not created: probably user data directory is already in use, please specify a unique value for --user-data-dir argument, or don't use --user-data-dir 
Host info: host: 'runnervmf4ws1', ip: '10.1.0.206'
Build info: version: '4.24.0', revision: '748ffc9bc3'
System info: os.name: 'Linux', os.arch: 'amd64', os.version: '6.11.0-1018-azure', java.version: '17.0.16'
Driver info: org.openqa.selenium.chrome.ChromeDriver
Command: [null, newSession {capabilities=[Capabilities {browserName: chrome, goog:chromeOptions: {args: [--disable-blink-features=Au..., user-agent=Mozilla/5.0 (Win..., start-maximized, --incognito, --disable-web-security, --no-proxy-server, --remote-allow-origins=*, --disable-notifications], binary: /usr/bin/google-chrome, excludeSwitches: [enable-automation], extensions: [], prefs: {credentials_enable_service: false, profile.default_content_setting_values.notifications: 2, profile.password_manager_enabled: false}, useAutomationExtension: false}}]}]
	at org.openqa.selenium.remote.ProtocolHandshake.createSession(ProtocolHandshake.java:114)
	at org.openqa.selenium.remote.ProtocolHandshake.createSession(ProtocolHandshake.java:75)
	at org.openqa.selenium.remote.ProtocolHandshake.createSession(ProtocolHandshake.java:61)
	at org.openqa.selenium.remote.HttpCommandExecutor.execute(HttpCommandExecutor.java:162)
	at org.openqa.selenium.remote.service.DriverCommandExecutor.invokeExecute(DriverCommandExecutor.java:216)
	at org.openqa.selenium.remote.service.DriverCommandExecutor.execute(DriverCommandExecutor.java:174)
	at org.openqa.selenium.remote.RemoteWebDriver.execute(RemoteWebDriver.java:545)
	at org.openqa.selenium.remote.RemoteWebDriver.startSession(RemoteWebDriver.java:245)
	at org.openqa.selenium.remote.RemoteWebDriver.<init>(RemoteWebDriver.java:174)
	at org.openqa.selenium.chromium.ChromiumDriver.<init>(ChromiumDriver.java:114)
	at org.openqa.selenium.chrome.ChromeDriver.<init>(ChromeDriver.java:88)
	at org.openqa.selenium.chrome.ChromeDriver.<init>(ChromeDriver.java:83)
	at org.openqa.selenium.chrome.ChromeDriver.<init>(ChromeDriver.java:72)
	at drivers.DriverFactory.getNewInstance(DriverFactory.java:108)
	at testcases.TestBase.OpenBrower(TestBase.java:88)
	at java.base/jdk.internal.reflect.NativeMethodAccessorImpl.invoke0(Native Method)
	at java.base/jdk.internal.reflect.NativeMethodAccessorImpl.invoke(NativeMethodAccessorImpl.java:77)
	at java.base/jdk.internal.reflect.DelegatingMethodAccessorImpl.invoke(DelegatingMethodAccessorImpl.java:43)
	at java.base/java.lang.reflect.Method.invoke(Method.java:569)
	at org.testng.internal.invokers.MethodInvocationHelper.invokeMethod(MethodInvocationHelper.java:139)
	at org.testng.internal.invokers.MethodInvocationHelper.invokeMethodConsideringTimeout(MethodInvocationHelper.java:69)
	at org.testng.internal.invokers.ConfigInvoker.invokeConfigurationMethod(ConfigInvoker.java:390)
	at org.testng.internal.invokers.ConfigInvoker.invokeConfigurations(ConfigInvoker.java:325)
	at org.testng.TestRunner.invokeTestConfigurations(TestRunner.java:663)
	at org.testng.TestRunner.beforeRun(TestRunner.java:652)
	at org.testng.TestRunner.run(TestRunner.java:614)
	at org.testng.SuiteRunner.runTest(SuiteRunner.java:443)
	at org.testng.SuiteRunner.runSequentially(SuiteRunner.java:437)
	at org.testng.SuiteRunner.privateRun(SuiteRunner.java:397)
	at org.testng.SuiteRunner.run(SuiteRunner.java:336)
	at org.testng.SuiteRunnerWorker.runSuite(SuiteRunnerWorker.java:52)
	at org.testng.SuiteRunnerWorker.run(SuiteRunnerWorker.java:95)
	at org.testng.TestNG.runSuitesSequentially(TestNG.java:1280)
	at org.testng.TestNG.runSuitesSequentially(TestNG.java:1275)
	at org.testng.TestNG.runSuitesLocally(TestNG.java:1200)
	at org.testng.TestNG.runSuites(TestNG.java:1114)
	at org.testng.TestNG.run(TestNG.java:1082)
	at org.apache.maven.surefire.testng.TestNGExecutor.run(TestNGExecutor.java:284)
	at org.apache.maven.surefire.testng.TestNGXmlTestSuite.execute(TestNGXmlTestSuite.java:75)
	at org.apache.maven.surefire.testng.TestNGProvider.invoke(TestNGProvider.java:119)
	at org.apache.maven.surefire.booter.ForkedBooter.runSuitesInProcess(ForkedBooter.java:428)
	at org.apache.maven.surefire.booter.ForkedBooter.execute(ForkedBooter.java:162)
	at org.apache.maven.surefire.booter.ForkedBooter.run(ForkedBooter.java:562)
	at org.apache.maven.surefire.booter.ForkedBooter.main(ForkedBooter.java:548)
</pre>
    </div>
  </div>

                  </div>
                </div>
            </div>
          </div>
        </div>
          <div class="border-bottom py-5"></div>
      </div>
  </div>

  <script>
    const stats1Annotation = {'total': 2, 'passed': 0};
    const stats1 = [
      { result: 'Passed', count: 0, bg: 'rgb(140, 197, 83)' },
      { result: 'Failed', count: 2, bg: 'rgb(233,80,113)' },
      { result: 'Skipped', count: 0, bg: 'rgb(13, 202, 240)' }
    ];
      const stats2Annotation = {'total': 3, 'passed': 0};
      const stats2 = [
        { result: 'Passed', count: 0, bg: 'rgb(140, 197, 83)' },
        { result: 'Failed', count: 3, bg: 'rgb(233,80,113)' },
        { result: 'Skipped', count: 0, bg: 'rgb(13, 202, 240)' }
      ];
      const stats3Annotation = {'total': 4, 'passed': 0};
      const stats3 = [
        { result: 'Passed', count: 0, bg: 'rgb(140, 197, 83)' },
        { result: 'Failed', count: 0, bg: 'rgb(233,80,113)' },
        { result: 'Skipped', count: 4, bg: 'rgb(13, 202, 240)' }
      ];
     
  </script>
    <script src="https://cdn.jsdelivr.net/gh/anshooarora/chaintest@976b9706b4d752a6262a041a68a6ea08012e0fcf/cdn/simple/version/chaintest-pkg.js"></script>

    <div id="sys-info-modal" class="modal" tabindex="-1">
      <div class="modal-dialog">
        <div class="modal-content">
          <div class="modal-header">
            <h6 class="modal-title">System</h6>
            <button type="button" class="btn-close" data-bs-dismiss="modal" aria-label="Close"
              onclick="toggleSysInfo(false)"></button>
          </div>
          <div class="modal-body">
            <table class="table">
              <tbody>
                  <tr>
                    <td>java.version</td>
                    <td>17.0.16</td>
                  </tr>
                  <tr>
                    <td>java.vm.name</td>
                    <td>OpenJDK 64-Bit Server VM</td>
                  </tr>
                  <tr>
                    <td>java.vm.vendor</td>
                    <td>Eclipse Adoptium</td>
                  </tr>
                  <tr>
                    <td>java.class.version</td>
                    <td>61.0</td>
                  </tr>
                  <tr>
                    <td>java.runtime.name</td>
                    <td>OpenJDK Runtime Environment</td>
                  </tr>
                  <tr>
                    <td>os.name</td>
                    <td>Linux</td>
                  </tr>
                  <tr>
                    <td>os.arch</td>
                    <td>amd64</td>
                  </tr>
                  <tr>
                    <td>os.version</td>
                    <td>6.11.0-1018-azure</td>
                  </tr>
              </tbody>
            </table>
          </div>
          <div class="modal-footer">
            <button type="button" class="btn btn-secondary" data-bs-dismiss="modal"
              onclick="toggleSysInfo(false)">Close</button>
          </div>
        </div>
      </div>
    </div>

  <div id="info-modal" class="modal" tabindex="-1">
    <div class="modal-dialog">
      <div class="modal-content">
        <div class="modal-header">
          <h6 class="modal-title">ChainTest Simple Generator - Shortcuts</h6>
          <button type="button" class="btn-close" data-bs-dismiss="modal" aria-label="Close"
            onclick="toggleInfoModal(false)"></button>
        </div>
        <div class="modal-body">
          <table class="table">
            <tbody>
                <tr>
                  <td>p</td>
                  <td>Toggle passed tests</td>
                </tr>
                <tr>
                  <td>s</td>
                  <td>Toggle skipped tests</td>
                </tr>
                <tr>
                  <td>esc</td>
                  <td>Reset all filters</td>
                </tr>
                <tr>
                  <td>L</td>
                  <td>Toggle theme (light/dark)</td>
                </tr>
                <tr>
                  <td>f</td>
                  <td>Toggle failed tests</td>
                </tr>
            </tbody>
          </table>
        </div>
        <div class="modal-footer">
          <button type="button" class="btn btn-secondary" data-bs-dismiss="modal"
            onclick="toggleInfoModal(false)">Close</button>
        </div>
      </div>
    </div>
  </div>

  <div id="attachment-modal" class="modal" tabindex="-1">
    <div class="modal-dialog modal-lg">
      <div class="modal-content">
        <div class="modal-header">
          <h6 class="modal-title">Attachment</h6>
          <button type="button" class="btn-close" data-bs-dismiss="modal" aria-label="Close"
            onclick="toggleAttachmentModal(false)"></button>
        </div>
        <div class="modal-body">
          <img src="" />
        </div>
        <div class="modal-footer">
          <button type="button" class="btn btn-secondary" data-bs-dismiss="modal"
            onclick="toggleAttachmentModal(false)">Close</button>
        </div>
      </div>
    </div>
  </div>

</body>

</html>